<?xml version="1.0" encoding="UTF-8"?>
<testng-results ignored="0" total="1" passed="1" failed="0" skipped="0">
  <reporter-output>
  </reporter-output>
  <suite started-at="2023-01-24T20:04:20 EST" name="Default suite" finished-at="2023-01-24T20:05:06 EST" duration-ms="45627">
    <groups>
    </groups>
    <test started-at="2023-01-24T20:04:20 EST" name="Default test" finished-at="2023-01-24T20:05:06 EST" duration-ms="45627">
      <class name="in.amazon.testscripts.BuyMobilePhoneTest">
        <test-method is-config="true" signature="LaunchApplication()[pri:0, instance:in.amazon.testscripts.BuyMobilePhoneTest@2d52216b]" started-at="2023-01-24T20:04:20 EST" name="LaunchApplication" finished-at="2023-01-24T20:04:40 EST" duration-ms="19780" status="PASS">
          <reporter-output>
          </reporter-output>
        </test-method> <!-- LaunchApplication -->
        <test-method signature="buyMobile()[pri:0, instance:in.amazon.testscripts.BuyMobilePhoneTest@2d52216b]" started-at="2023-01-24T20:04:40 EST" name="buyMobile" finished-at="2023-01-24T20:05:06 EST" duration-ms="25777" status="PASS">
          <reporter-output>
          </reporter-output>
        </test-method> <!-- buyMobile -->
        <test-method is-config="true" signature="close()[pri:0, instance:in.amazon.testscripts.BuyMobilePhoneTest@2d52216b]" started-at="2023-01-24T20:05:06 EST" name="close" finished-at="2023-01-24T20:05:06 EST" duration-ms="1" status="PASS">
          <reporter-output>
          </reporter-output>
        </test-method> <!-- close -->
      </class> <!-- in.amazon.testscripts.BuyMobilePhoneTest -->
    </test> <!-- Default test -->
  </suite> <!-- Default suite -->
</testng-results>
